<?xml version="1.0" encoding="UTF-8"?>
<!-- Generated by org.testng.reporters.JUnitXMLReporter -->
<testsuite hostname="DESKTOP-3RU6S7A" ignored="0" name="Test" tests="3" failures="1" timestamp="10 Mar 2023 09:14:56 GMT" time="14.926" errors="0">
  <testcase name="testCase1" time="0.235" classname="AmazonTests.AmazonLogin"/>
  <testcase name="test1" time="0.0" classname="AmazonTests.TestngAnnotations">
    <failure type="java.lang.AssertionError" message="expected [true] but found [false]">
      <![CDATA[java.lang.AssertionError: expected [true] but found [false]
	at AmazonTests.TestngAnnotations.test1(TestngAnnotations.java:18)
... Removed 29 stack frames]]>
    </failure>
  </testcase> <!-- test1 -->
  <testcase name="test2" time="0.0" classname="AmazonTests.TestngAnnotations"/>
</testsuite> <!-- Test -->
