<?xml version="1.0" encoding="UTF-8"?>
<testng-results skipped="0" failed="1" ignored="0" total="3" passed="2">
  <reporter-output>
  </reporter-output>
  <suite name="Suite" duration-ms="14926" started-at="2023-03-10T09:14:41Z" finished-at="2023-03-10T09:14:56Z">
    <groups>
    </groups>
    <test name="Test" duration-ms="14926" started-at="2023-03-10T09:14:41Z" finished-at="2023-03-10T09:14:56Z">
      <class name="AmazonTests.TestngAnnotations">
        <test-method status="PASS" signature="beforeSuite()[pri:0, instance:AmazonTests.TestngAnnotations@59ec2012]" name="beforeSuite" is-config="true" duration-ms="32" started-at="2023-03-10T14:44:41Z" finished-at="2023-03-10T14:44:41Z">
          <reporter-output>
          </reporter-output>
        </test-method> <!-- beforeSuite -->
        <test-method status="PASS" signature="beforeTest()[pri:0, instance:AmazonTests.TestngAnnotations@59ec2012]" name="beforeTest" is-config="true" duration-ms="0" started-at="2023-03-10T14:44:41Z" finished-at="2023-03-10T14:44:41Z">
          <reporter-output>
          </reporter-output>
        </test-method> <!-- beforeTest -->
        <test-method status="PASS" signature="beforeClass()[pri:0, instance:AmazonTests.TestngAnnotations@59ec2012]" name="beforeClass" is-config="true" duration-ms="0" started-at="2023-03-10T14:44:56Z" finished-at="2023-03-10T14:44:56Z">
          <reporter-output>
          </reporter-output>
        </test-method> <!-- beforeClass -->
        <test-method status="FAIL" signature="test1()[pri:0, instance:AmazonTests.TestngAnnotations@59ec2012]" name="test1" duration-ms="0" started-at="2023-03-10T14:44:56Z" finished-at="2023-03-10T14:44:56Z">
          <exception class="java.lang.AssertionError">
            <message>
              <![CDATA[expected [true] but found [false]]]>
            </message>
            <full-stacktrace>
              <![CDATA[java.lang.AssertionError: expected [true] but found [false]
	at org.testng.Assert.fail(Assert.java:93)
	at org.testng.Assert.failNotEquals(Assert.java:512)
	at org.testng.Assert.assertTrue(Assert.java:41)
	at org.testng.Assert.assertTrue(Assert.java:51)
	at AmazonTests.TestngAnnotations.test1(TestngAnnotations.java:18)
	at sun.reflect.NativeMethodAccessorImpl.invoke0(Native Method)
	at sun.reflect.NativeMethodAccessorImpl.invoke(Unknown Source)
	at sun.reflect.DelegatingMethodAccessorImpl.invoke(Unknown Source)
	at java.lang.reflect.Method.invoke(Unknown Source)
	at org.testng.internal.MethodInvocationHelper.invokeMethod(MethodInvocationHelper.java:108)
	at org.testng.internal.Invoker.invokeMethod(Invoker.java:661)
	at org.testng.internal.Invoker.invokeTestMethod(Invoker.java:869)
	at org.testng.internal.Invoker.invokeTestMethods(Invoker.java:1193)
	at org.testng.internal.TestMethodWorker.invokeTestMethods(TestMethodWorker.java:126)
	at org.testng.internal.TestMethodWorker.run(TestMethodWorker.java:109)
	at org.testng.TestRunner.privateRun(TestRunner.java:744)
	at org.testng.TestRunner.run(TestRunner.java:602)
	at org.testng.SuiteRunner.runTest(SuiteRunner.java:380)
	at org.testng.SuiteRunner.runSequentially(SuiteRunner.java:375)
	at org.testng.SuiteRunner.privateRun(SuiteRunner.java:340)
	at org.testng.SuiteRunner.run(SuiteRunner.java:289)
	at org.testng.SuiteRunnerWorker.runSuite(SuiteRunnerWorker.java:52)
	at org.testng.SuiteRunnerWorker.run(SuiteRunnerWorker.java:86)
	at org.testng.TestNG.runSuitesSequentially(TestNG.java:1301)
	at org.testng.TestNG.runSuitesLocally(TestNG.java:1226)
	at org.testng.TestNG.runSuites(TestNG.java:1144)
	at org.testng.TestNG.run(TestNG.java:1115)
	at org.testng.remote.AbstractRemoteTestNG.run(AbstractRemoteTestNG.java:132)
	at org.testng.remote.RemoteTestNG.initAndRun(RemoteTestNG.java:230)
	at org.testng.remote.RemoteTestNG.main(RemoteTestNG.java:76)
]]>
            </full-stacktrace>
          </exception> <!-- java.lang.AssertionError -->
          <reporter-output>
          </reporter-output>
        </test-method> <!-- test1 -->
        <test-method status="PASS" signature="beforeMethod()[pri:0, instance:AmazonTests.TestngAnnotations@59ec2012]" name="beforeMethod" is-config="true" duration-ms="0" started-at="2023-03-10T14:44:56Z" finished-at="2023-03-10T14:44:56Z">
          <reporter-output>
          </reporter-output>
        </test-method> <!-- beforeMethod -->
        <test-method status="PASS" signature="afterMethod()[pri:0, instance:AmazonTests.TestngAnnotations@59ec2012]" name="afterMethod" is-config="true" duration-ms="0" started-at="2023-03-10T14:44:56Z" finished-at="2023-03-10T14:44:56Z">
          <reporter-output>
          </reporter-output>
        </test-method> <!-- afterMethod -->
        <test-method status="PASS" signature="beforeMethod()[pri:0, instance:AmazonTests.TestngAnnotations@59ec2012]" name="beforeMethod" is-config="true" duration-ms="15" started-at="2023-03-10T14:44:56Z" finished-at="2023-03-10T14:44:56Z">
          <reporter-output>
          </reporter-output>
        </test-method> <!-- beforeMethod -->
        <test-method status="PASS" signature="test2()[pri:0, instance:AmazonTests.TestngAnnotations@59ec2012]" name="test2" duration-ms="0" started-at="2023-03-10T14:44:56Z" finished-at="2023-03-10T14:44:56Z">
          <reporter-output>
          </reporter-output>
        </test-method> <!-- test2 -->
        <test-method status="PASS" signature="afterTest()[pri:0, instance:AmazonTests.TestngAnnotations@59ec2012]" name="afterTest" is-config="true" duration-ms="0" started-at="2023-03-10T14:44:56Z" finished-at="2023-03-10T14:44:56Z">
          <reporter-output>
          </reporter-output>
        </test-method> <!-- afterTest -->
        <test-method status="PASS" signature="afterClass()[pri:0, instance:AmazonTests.TestngAnnotations@59ec2012]" name="afterClass" is-config="true" duration-ms="0" started-at="2023-03-10T14:44:56Z" finished-at="2023-03-10T14:44:56Z">
          <reporter-output>
          </reporter-output>
        </test-method> <!-- afterClass -->
        <test-method status="PASS" signature="afterMethod()[pri:0, instance:AmazonTests.TestngAnnotations@59ec2012]" name="afterMethod" is-config="true" duration-ms="0" started-at="2023-03-10T14:44:56Z" finished-at="2023-03-10T14:44:56Z">
          <reporter-output>
          </reporter-output>
        </test-method> <!-- afterMethod -->
        <test-method status="PASS" signature="afterSuite()[pri:0, instance:AmazonTests.TestngAnnotations@59ec2012]" name="afterSuite" is-config="true" duration-ms="0" started-at="2023-03-10T14:44:56Z" finished-at="2023-03-10T14:44:56Z">
          <reporter-output>
          </reporter-output>
        </test-method> <!-- afterSuite -->
      </class> <!-- AmazonTests.TestngAnnotations -->
      <class name="AmazonTests.AmazonLogin">
        <test-method status="PASS" signature="setUp()[pri:0, instance:AmazonTests.AmazonLogin@4cf777e8]" name="setUp" is-config="true" duration-ms="13535" started-at="2023-03-10T14:44:41Z" finished-at="2023-03-10T14:44:54Z">
          <reporter-output>
          </reporter-output>
        </test-method> <!-- setUp -->
        <test-method status="PASS" signature="testCase1()[pri:0, instance:AmazonTests.AmazonLogin@4cf777e8]" name="testCase1" duration-ms="235" started-at="2023-03-10T14:44:54Z" finished-at="2023-03-10T14:44:55Z">
          <reporter-output>
          </reporter-output>
        </test-method> <!-- testCase1 -->
        <test-method status="PASS" signature="tearDown()[pri:0, instance:AmazonTests.AmazonLogin@4cf777e8]" name="tearDown" is-config="true" duration-ms="1063" started-at="2023-03-10T14:44:55Z" finished-at="2023-03-10T14:44:56Z">
          <reporter-output>
          </reporter-output>
        </test-method> <!-- tearDown -->
      </class> <!-- AmazonTests.AmazonLogin -->
    </test> <!-- Test -->
  </suite> <!-- Suite -->
</testng-results>
